<?xml version="1.0" encoding="UTF-8"?>
<testsuites name="Mocha Tests" time="1.311" tests="1" failures="0">
  <testsuite name="Root Suite" timestamp="2026-04-22T20:21:37" tests="0" file="cypress/e2e/empleados/empleados.cy.ts" time="0.000" failures="0">
  </testsuite>
  <testsuite name="Empleados module" timestamp="2026-04-22T20:21:37" tests="1" time="1.311" failures="0">
    <testcase name="Empleados module loads empleados page" time="1.262" classname="loads empleados page">
    </testcase>
  </testsuite>
</testsuites>