<?xml version="1.0" encoding="UTF-8"?>
<testsuites name="Mocha Tests" time="1.718" tests="2" failures="0">
  <testsuite name="Root Suite" timestamp="2026-04-22T20:21:29" tests="0" file="cypress/e2e/auth/login.cy.ts" time="0.000" failures="0">
  </testsuite>
  <testsuite name="Login flow" timestamp="2026-04-22T20:21:29" tests="2" time="1.718" failures="0">
    <testcase name="Login flow shows login form and validates errors" time="0.275" classname="shows login form and validates errors">
    </testcase>
    <testcase name="Login flow attempts login with demo user" time="1.335" classname="attempts login with demo user">
    </testcase>
  </testsuite>
</testsuites>